#
# A fatal error has been detected by the Java Runtime Environment:
#
#  EXCEPTION_ACCESS_VIOLATION (0xc0000005) at pc=0x6d4977c2, pid=4924, tid=5152
#
# JRE version: Java(TM) SE Runtime Environment (7.0_60-b19) (build 1.7.0_60-b19)
# Java VM: Java HotSpot(TM) Client VM (24.60-b09 mixed mode windows-x86 )
# Problematic frame:
# C  [awt.dll+0x977c2]
#
# Failed to write core dump. Minidumps are not enabled by default on client versions of Windows
#
# If you would like to submit a bug report, please visit:
#   http://bugreport.sun.com/bugreport/crash.jsp
# The crash happened outside the Java Virtual Machine in native code.
# See problematic frame for where to report the bug.
#

---------------  T H R E A D  ---------------

Current thread (0x0103cc00):  JavaThread "AWT-EventQueue-0" [_thread_in_native, id=5152, stack(0x19740000,0x19790000)]

siginfo: ExceptionCode=0xc0000005, reading address 0x00000004

Registers:
EAX=0x0000000d, EBX=0x199404b0, ECX=0x00000000, EDX=0x00000000
ESP=0x1978d918, EBP=0x751b4eb0, ESI=0x1981b130, EDI=0x80010d3e
EIP=0x6d4977c2, EFLAGS=0x00010213

Top of Stack: (sp=0x1978d918)
0x1978d918:   6d466b7f 80010d3e 199404b0 0103cd30
0x1978d928:   1978d9e8 1978dee0 6d44cbaf 0103cd30
0x1978d938:   199404b0 1978dee0 6d44cbc6 00000001
0x1978d948:   00000000 00000000 6d46410c 0103cd30
0x1978d958:   1978dee0 0103cc00 14e4a3c0 14e4a3c0
0x1978d968:   00000000 1978d98c 1978d9cc 19a166a8
0x1978d978:   1978dedc 0103cd30 1978d998 1978d998
0x1978d988:   09b62de0 09c7b0d0 09c8fa70 1978d9e8 

Instructions: (pc=0x6d4977c2)
0x6d4977a2:   00 00 c3 8b 41 04 8b 80 0c 0c 00 00 c3 8b 01 83
0x6d4977b2:   78 04 08 7e 03 33 c0 c3 8b 49 04 e9 f3 be fe ff
0x6d4977c2:   8b 49 04 85 c9 74 05 e9 01 bd fe ff 33 c0 c2 04
0x6d4977d2:   00 8b 49 04 85 c9 74 05 e9 16 bd fe ff c2 04 00 


Register to memory mapping:

EAX=0x0000000d is an unknown value
EBX=0x199404b0 is an unknown value
ECX=0x00000000 is an unknown value
EDX=0x00000000 is an unknown value
ESP=0x1978d918 is pointing into the stack for thread: 0x0103cc00
EBP=0x751b4eb0 is an unknown value
ESI=0x1981b130 is an unknown value
EDI=0x80010d3e is an unknown value


Stack: [0x19740000,0x19790000],  sp=0x1978d918,  free space=310k
Native frames: (J=compiled Java code, j=interpreted, Vv=VM code, C=native code)
C  [awt.dll+0x977c2]

Java frames: (J=compiled Java code, j=interpreted, Vv=VM code)
j  sun.java2d.windows.GDIBlitLoops.nativeBlit(Lsun/java2d/SurfaceData;Lsun/java2d/SurfaceData;Lsun/java2d/pipe/Region;IIIIIIIIIZ)V+0
j  sun.java2d.windows.GDIBlitLoops.Blit(Lsun/java2d/SurfaceData;Lsun/java2d/SurfaceData;Ljava/awt/Composite;Lsun/java2d/pipe/Region;IIIIII)V+33
J 690 C1 sun.java2d.pipe.DrawImage.blitSurfaceData(Lsun/java2d/SunGraphics2D;Lsun/java2d/pipe/Region;Lsun/java2d/SurfaceData;Lsun/java2d/SurfaceData;Lsun/java2d/loops/SurfaceType;Lsun/java2d/loops/SurfaceType;IIIIIILjava/awt/Color;)V (145 bytes) @ 0x026ddd14 [0x026ddaf0+0x224]
J 689 C1 sun.java2d.pipe.DrawImage.renderImageCopy(Lsun/java2d/SunGraphics2D;Ljava/awt/Image;Ljava/awt/Color;IIIIII)Z (149 bytes) @ 0x026dd394 [0x026dd280+0x114]
J 687 C1 sun.java2d.pipe.DrawImage.copyImage(Lsun/java2d/SunGraphics2D;Ljava/awt/Image;IILjava/awt/Color;)Z (105 bytes) @ 0x026dcc68 [0x026dca90+0x1d8]
J 680 C1 sun.java2d.pipe.DrawImage.copyImage(Lsun/java2d/SunGraphics2D;Ljava/awt/Image;IILjava/awt/Color;Ljava/awt/image/ImageObserver;)Z (60 bytes) @ 0x026db4ac [0x026db350+0x15c]
J 855 C1 sun.java2d.pipe.ValidatePipe.copyImage(Lsun/java2d/SunGraphics2D;Ljava/awt/Image;IILjava/awt/Color;Ljava/awt/image/ImageObserver;)Z (29 bytes) @ 0x0266a3ac [0x0266a330+0x7c]
J 677 C1 sun.java2d.SunGraphics2D.drawImage(Ljava/awt/Image;IILjava/awt/Color;Ljava/awt/image/ImageObserver;)Z (144 bytes) @ 0x026da554 [0x026da3d0+0x184]
J 686 C1 sun.java2d.SunGraphics2D.drawImage(Ljava/awt/Image;IILjava/awt/image/ImageObserver;)Z (11 bytes) @ 0x026dc880 [0x026dc840+0x40]
J 705 C1 javax.swing.RepaintManager$PaintManager.paintDoubleBuffered(Ljavax/swing/JComponent;Ljava/awt/Image;Ljava/awt/Graphics;IIII)V (294 bytes) @ 0x026e49e0 [0x026e4830+0x1b0]
J 839 C1 javax.swing.RepaintManager$PaintManager.paint(Ljavax/swing/JComponent;Ljavax/swing/JComponent;Ljava/awt/Graphics;IIII)Z (189 bytes) @ 0x0270c050 [0x0270bd20+0x330]
j  javax.swing.RepaintManager.paint(Ljavax/swing/JComponent;Ljavax/swing/JComponent;Ljava/awt/Graphics;IIII)V+52
J 894 C1 javax.swing.JComponent.paint(Ljava/awt/Graphics;)V (409 bytes) @ 0x0270fab4 [0x0270f7a0+0x314]
j  java.awt.GraphicsCallback$PaintCallback.run(Ljava/awt/Component;Ljava/awt/Graphics;)V+2
j  sun.awt.SunGraphicsCallback.runOneComponent(Ljava/awt/Component;Ljava/awt/Rectangle;Ljava/awt/Graphics;Ljava/awt/Shape;I)V+155
j  sun.awt.SunGraphicsCallback.runComponents([Ljava/awt/Component;Ljava/awt/Graphics;I)V+194
j  java.awt.Container.paint(Ljava/awt/Graphics;)V+58
j  java.awt.Window.paint(Ljava/awt/Graphics;)V+68
j  javax.swing.RepaintManager$3.run()Ljava/lang/Void;+136
j  javax.swing.RepaintManager$3.run()Ljava/lang/Object;+1
v  ~StubRoutines::call_stub
J 459  java.security.AccessController.doPrivileged(Ljava/security/PrivilegedAction;Ljava/security/AccessControlContext;)Ljava/lang/Object; (0 bytes) @ 0x02602547 [0x026024e0+0x67]
J 719 C1 javax.swing.RepaintManager.paintDirtyRegions(Ljava/util/Map;)V (196 bytes) @ 0x026e9da4 [0x026e9a20+0x384]
j  javax.swing.RepaintManager.paintDirtyRegions()V+46
j  javax.swing.RepaintManager.prePaintDirtyRegions()V+73
j  javax.swing.RepaintManager.access$1100(Ljavax/swing/RepaintManager;)V+1
j  javax.swing.RepaintManager$ProcessingRunnable.run()V+37
J 769 C1 java.awt.event.InvocationEvent.dispatch()V (69 bytes) @ 0x026f806c [0x026f7f80+0xec]
J 589 C1 java.awt.EventQueue.dispatchEventImpl(Ljava/awt/AWTEvent;Ljava/lang/Object;)V (149 bytes) @ 0x026c2d94 [0x026c2940+0x454]
J 624 C1 java.awt.EventQueue$3.run()Ljava/lang/Object; (5 bytes) @ 0x026caa00 [0x026ca9d0+0x30]
v  ~StubRoutines::call_stub
J 459  java.security.AccessController.doPrivileged(Ljava/security/PrivilegedAction;Ljava/security/AccessControlContext;)Ljava/lang/Object; (0 bytes) @ 0x02602547 [0x026024e0+0x67]
J 585 C1 java.awt.EventQueue.dispatchEvent(Ljava/awt/AWTEvent;)V (80 bytes) @ 0x026c1630 [0x026c1480+0x1b0]
J 439 C1 java.awt.EventDispatchThread.pumpOneEventForFilters(I)V (295 bytes) @ 0x02696e6c [0x026967d0+0x69c]
j  java.awt.EventDispatchThread.pumpEventsForFilter(ILjava/awt/Conditional;Ljava/awt/EventFilter;)V+35
j  java.awt.EventDispatchThread.pumpEventsForHierarchy(ILjava/awt/Conditional;Ljava/awt/Component;)V+11
j  java.awt.EventDispatchThread.pumpEvents(ILjava/awt/Conditional;)V+4
j  java.awt.EventDispatchThread.pumpEvents(Ljava/awt/Conditional;)V+3
j  java.awt.EventDispatchThread.run()V+9
v  ~StubRoutines::call_stub

---------------  P R O C E S S  ---------------

Java Threads: ( => current thread )
  0x19aae400 JavaThread "Swing-Shell" daemon [_thread_blocked, id=5448, stack(0x1af80000,0x1afd0000)]
  0x19b4fc00 JavaThread "Thread-2" [_thread_in_Java, id=4224, stack(0x1a180000,0x1a1d0000)]
  0x198e2800 JavaThread "TimerQueue" daemon [_thread_blocked, id=5360, stack(0x1a210000,0x1a260000)]
  0x197df800 JavaThread "Abandoned connection cleanup thread" daemon [_thread_blocked, id=4760, stack(0x18a40000,0x18a90000)]
  0x0025c400 JavaThread "DestroyJavaVM" [_thread_blocked, id=5720, stack(0x003e0000,0x00430000)]
=>0x0103cc00 JavaThread "AWT-EventQueue-0" [_thread_in_native, id=5152, stack(0x19740000,0x19790000)]
  0x01033c00 JavaThread "AWT-Windows" daemon [_thread_in_native, id=300, stack(0x18fd0000,0x19020000)]
  0x01033000 JavaThread "AWT-Shutdown" [_thread_blocked, id=3736, stack(0x18ef0000,0x18f40000)]
  0x01030400 JavaThread "Java2D Disposer" daemon [_thread_blocked, id=5572, stack(0x18e80000,0x18ed0000)]
  0x00f5e000 JavaThread "Service Thread" daemon [_thread_blocked, id=4964, stack(0x004b0000,0x00500000)]
  0x00f59400 JavaThread "C1 CompilerThread0" daemon [_thread_blocked, id=5408, stack(0x18ad0000,0x18b20000)]
  0x00f58000 JavaThread "Attach Listener" daemon [_thread_blocked, id=4468, stack(0x18980000,0x189d0000)]
  0x00f55000 JavaThread "Signal Dispatcher" daemon [_thread_blocked, id=4612, stack(0x189d0000,0x18a20000)]
  0x00f24000 JavaThread "Finalizer" daemon [_thread_blocked, id=1528, stack(0x18930000,0x18980000)]
  0x00f22800 JavaThread "Reference Handler" daemon [_thread_blocked, id=5936, stack(0x18870000,0x188c0000)]

Other Threads:
  0x00f20400 VMThread [stack: 0x18760000,0x187b0000] [id=5212]
  0x00f70400 WatcherThread [stack: 0x18c90000,0x18ce0000] [id=5072]

VM state:not at safepoint (normal execution)

VM Mutex/Monitor currently owned by a thread: None

Heap
 def new generation   total 7808K, used 6356K [0x04600000, 0x04e70000, 0x09b50000)
  eden space 6976K,  90% used [0x04600000, 0x04c29b10, 0x04cd0000)
  from space 832K,   5% used [0x04cd0000, 0x04cdb4f0, 0x04da0000)
  to   space 832K,   0% used [0x04da0000, 0x04da0000, 0x04e70000)
 tenured generation   total 17248K, used 16349K [0x09b50000, 0x0ac28000, 0x14600000)
   the space 17248K,  94% used [0x09b50000, 0x0ab47610, 0x0ab47800, 0x0ac28000)
 compacting perm gen  total 12800K, used 12622K [0x14600000, 0x15280000, 0x18600000)
   the space 12800K,  98% used [0x14600000, 0x15253af8, 0x15253c00, 0x15280000)
No shared spaces configured.

Card table byte_map: [0x00e60000,0x00f10000] byte_map_base: 0x00e3d000

Polling page: 0x00200000

Code Cache  [0x02550000, 0x02720000, 0x04550000)
 total_blobs=1195 nmethods=956 adapters=174 free_code_cache=30918Kb largest_free_block=31659328

Compilation events (10 events):
Event: 24350.164 Thread 0x00f59400  962  s          sun.awt.windows.WDesktopProperties::setIntegerProperty (76 bytes)
Event: 24350.165 Thread 0x00f59400 nmethod 962 0x0271d348 code [0x0271d4d0, 0x0271d8f8]
Event: 24350.186 Thread 0x00f59400  963             javax.swing.GroupLayout::getComponentInfo (62 bytes)
Event: 24350.187 Thread 0x00f59400 nmethod 963 0x0271dc88 code [0x0271ddd0, 0x0271dfac]
Event: 24469.733 Thread 0x00f59400  964             sun.font.FontUtilities::getFont2D (8 bytes)
Event: 24469.733 Thread 0x00f59400 nmethod 964 0x0271e108 code [0x0271e210, 0x0271e3ac]
Event: 24469.738 Thread 0x00f59400  965             javax.swing.JComponent::getInsets (23 bytes)
Event: 24469.739 Thread 0x00f59400 nmethod 965 0x0271e488 code [0x0271e5a0, 0x0271e668]
Event: 24469.739 Thread 0x00f59400  966             sun.java2d.SurfaceData::canRenderLCDText (84 bytes)
Event: 24469.739 Thread 0x00f59400 nmethod 966 0x0271e708 code [0x0271e820, 0x0271e998]

GC Heap History (10 events):
Event: 7.106 GC heap before
{Heap before GC invocations=4 (full 0):
 def new generation   total 4928K, used 4928K [0x04600000, 0x04b50000, 0x09b50000)
  eden space 4416K, 100% used [0x04600000, 0x04a50000, 0x04a50000)
  from space 512K, 100% used [0x04a50000, 0x04ad0000, 0x04ad0000)
  to   space 512K,   0% used [0x04ad0000, 0x04ad0000, 0x04b50000)
 tenured generation   total 10944K, used 9251K [0x09b50000, 0x0a600000, 0x14600000)
   the space 10944K,  84% used [0x09b50000, 0x0a458dd8, 0x0a458e00, 0x0a600000)
 compacting perm gen  total 12288K, used 12044K [0x14600000, 0x15200000, 0x18600000)
   the space 12288K,  98% used [0x14600000, 0x151c3228, 0x151c3400, 0x15200000)
No shared spaces configured.
Event: 7.115 GC heap after
Heap after GC invocations=5 (full 0):
 def new generation   total 4928K, used 512K [0x04600000, 0x04b50000, 0x09b50000)
  eden space 4416K,   0% used [0x04600000, 0x04600000, 0x04a50000)
  from space 512K, 100% used [0x04ad0000, 0x04b50000, 0x04b50000)
  to   space 512K,   0% used [0x04a50000, 0x04a50000, 0x04ad0000)
 tenured generation   total 10944K, used 10049K [0x09b50000, 0x0a600000, 0x14600000)
   the space 10944K,  91% used [0x09b50000, 0x0a520438, 0x0a520600, 0x0a600000)
 compacting perm gen  total 12288K, used 12044K [0x14600000, 0x15200000, 0x18600000)
   the space 12288K,  98% used [0x14600000, 0x151c3228, 0x151c3400, 0x15200000)
No shared spaces configured.
}
Event: 30.340 GC heap before
{Heap before GC invocations=5 (full 0):
 def new generation   total 4928K, used 4928K [0x04600000, 0x04b50000, 0x09b50000)
  eden space 4416K, 100% used [0x04600000, 0x04a50000, 0x04a50000)
  from space 512K, 100% used [0x04ad0000, 0x04b50000, 0x04b50000)
  to   space 512K,   0% used [0x04a50000, 0x04a50000, 0x04ad0000)
 tenured generation   total 10944K, used 10049K [0x09b50000, 0x0a600000, 0x14600000)
   the space 10944K,  91% used [0x09b50000, 0x0a520438, 0x0a520600, 0x0a600000)
 compacting perm gen  total 12544K, used 12499K [0x14600000, 0x15240000, 0x18600000)
   the space 12544K,  99% used [0x14600000, 0x15234c08, 0x15234e00, 0x15240000)
No shared spaces configured.
Event: 30.349 GC heap after
Heap after GC invocations=6 (full 0):
 def new generation   total 4928K, used 512K [0x04600000, 0x04b50000, 0x09b50000)
  eden space 4416K,   0% used [0x04600000, 0x04600000, 0x04a50000)
  from space 512K, 100% used [0x04a50000, 0x04ad0000, 0x04ad0000)
  to   space 512K,   0% used [0x04ad0000, 0x04ad0000, 0x04b50000)
 tenured generation   total 10944K, used 10528K [0x09b50000, 0x0a600000, 0x14600000)
   the space 10944K,  96% used [0x09b50000, 0x0a5981e8, 0x0a598200, 0x0a600000)
 compacting perm gen  total 12544K, used 12499K [0x14600000, 0x15240000, 0x18600000)
   the space 12544K,  99% used [0x14600000, 0x15234c08, 0x15234e00, 0x15240000)
No shared spaces configured.
}
Event: 44.615 GC heap before
{Heap before GC invocations=6 (full 0):
 def new generation   total 4928K, used 4928K [0x04600000, 0x04b50000, 0x09b50000)
  eden space 4416K, 100% used [0x04600000, 0x04a50000, 0x04a50000)
  from space 512K, 100% used [0x04a50000, 0x04ad0000, 0x04ad0000)
  to   space 512K,   0% used [0x04ad0000, 0x04ad0000, 0x04b50000)
 tenured generation   total 10944K, used 10528K [0x09b50000, 0x0a600000, 0x14600000)
   the space 10944K,  96% used [0x09b50000, 0x0a5981e8, 0x0a598200, 0x0a600000)
 compacting perm gen  total 12800K, used 12554K [0x14600000, 0x15280000, 0x18600000)
   the space 12800K,  98% used [0x14600000, 0x15242898, 0x15242a00, 0x15280000)
No shared spaces configured.
Event: 44.673 GC heap after
Heap after GC invocations=7 (full 1):
 def new generation   total 7808K, used 0K [0x04600000, 0x04e70000, 0x09b50000)
  eden space 6976K,   0% used [0x04600000, 0x04600000, 0x04cd0000)
  from space 832K,   0% used [0x04cd0000, 0x04cd0000, 0x04da0000)
  to   space 832K,   0% used [0x04da0000, 0x04da0000, 0x04e70000)
 tenured generation   total 17248K, used 10348K [0x09b50000, 0x0ac28000, 0x14600000)
   the space 17248K,  59% used [0x09b50000, 0x0a56b2c0, 0x0a56b400, 0x0ac28000)
 compacting perm gen  total 12800K, used 12554K [0x14600000, 0x15280000, 0x18600000)
   the space 12800K,  98% used [0x14600000, 0x15242898, 0x15242a00, 0x15280000)
No shared spaces configured.
}
Event: 1059.762 GC heap before
{Heap before GC invocations=7 (full 1):
 def new generation   total 7808K, used 1973K [0x04600000, 0x04e70000, 0x09b50000)
  eden space 6976K,  28% used [0x04600000, 0x047ed5f8, 0x04cd0000)
  from space 832K,   0% used [0x04cd0000, 0x04cd0000, 0x04da0000)
  to   space 832K,   0% used [0x04da0000, 0x04da0000, 0x04e70000)
 tenured generation   total 17248K, used 10348K [0x09b50000, 0x0ac28000, 0x14600000)
   the space 17248K,  59% used [0x09b50000, 0x0a56b2c0, 0x0a56b400, 0x0ac28000)
 compacting perm gen  total 12800K, used 12617K [0x14600000, 0x15280000, 0x18600000)
   the space 12800K,  98% used [0x14600000, 0x15252530, 0x15252600, 0x15280000)
No shared spaces configured.
Event: 1059.766 GC heap after
Heap after GC invocations=8 (full 1):
 def new generation   total 7808K, used 534K [0x04600000, 0x04e70000, 0x09b50000)
  eden space 6976K,   0% used [0x04600000, 0x04600000, 0x04cd0000)
  from space 832K,  64% used [0x04da0000, 0x04e25aa8, 0x04e70000)
  to   space 832K,   0% used [0x04cd0000, 0x04cd0000, 0x04da0000)
 tenured generation   total 17248K, used 10348K [0x09b50000, 0x0ac28000, 0x14600000)
   the space 17248K,  59% used [0x09b50000, 0x0a56b2c0, 0x0a56b400, 0x0ac28000)
 compacting perm gen  total 12800K, used 12617K [0x14600000, 0x15280000, 0x18600000)
   the space 12800K,  98% used [0x14600000, 0x15252530, 0x15252600, 0x15280000)
No shared spaces configured.
}
Event: 24175.745 GC heap before
{Heap before GC invocations=8 (full 1):
 def new generation   total 7808K, used 7510K [0x04600000, 0x04e70000, 0x09b50000)
  eden space 6976K, 100% used [0x04600000, 0x04cd0000, 0x04cd0000)
  from space 832K,  64% used [0x04da0000, 0x04e25aa8, 0x04e70000)
  to   space 832K,   0% used [0x04cd0000, 0x04cd0000, 0x04da0000)
 tenured generation   total 17248K, used 10348K [0x09b50000, 0x0ac28000, 0x14600000)
   the space 17248K,  59% used [0x09b50000, 0x0a56b2c0, 0x0a56b400, 0x0ac28000)
 compacting perm gen  total 12800K, used 12622K [0x14600000, 0x15280000, 0x18600000)
   the space 12800K,  98% used [0x14600000, 0x15253ad8, 0x15253c00, 0x15280000)
No shared spaces configured.
Event: 24175.754 GC heap after
Heap after GC invocations=9 (full 1):
 def new generation   total 7808K, used 45K [0x04600000, 0x04e70000, 0x09b50000)
  eden space 6976K,   0% used [0x04600000, 0x04600000, 0x04cd0000)
  from space 832K,   5% used [0x04cd0000, 0x04cdb4f0, 0x04da0000)
  to   space 832K,   0% used [0x04da0000, 0x04da0000, 0x04e70000)
 tenured generation   total 17248K, used 16349K [0x09b50000, 0x0ac28000, 0x14600000)
   the space 17248K,  94% used [0x09b50000, 0x0ab47610, 0x0ab47800, 0x0ac28000)
 compacting perm gen  total 12800K, used 12622K [0x14600000, 0x15280000, 0x18600000)
   the space 12800K,  98% used [0x14600000, 0x15253ad8, 0x15253c00, 0x15280000)
No shared spaces configured.
}

Deoptimization events (0 events):
No events

Internal exceptions (10 events):
Event: 4.202 Thread 0x0103cc00 Threw 0x04681280 at C:\re\jdk7u60\1081\hotspot\src\share\vm\prims\jvm.cpp:1244
Event: 4.202 Thread 0x0103cc00 Threw 0x04683910 at C:\re\jdk7u60\1081\hotspot\src\share\vm\prims\jvm.cpp:1244
Event: 4.203 Thread 0x0103cc00 Threw 0x046863f8 at C:\re\jdk7u60\1081\hotspot\src\share\vm\prims\jvm.cpp:1244
Event: 4.246 Thread 0x0103cc00 Threw 0x046bd238 at C:\re\jdk7u60\1081\hotspot\src\share\vm\prims\jvm.cpp:1244
Event: 5.439 Thread 0x0103cc00 Threw 0x049329c8 at C:\re\jdk7u60\1081\hotspot\src\share\vm\prims\jvm.cpp:1244
Event: 5.445 Thread 0x0103cc00 Threw 0x04940eb0 at C:\re\jdk7u60\1081\hotspot\src\share\vm\prims\jvm.cpp:1244
Event: 5.446 Thread 0x0103cc00 Threw 0x049439e0 at C:\re\jdk7u60\1081\hotspot\src\share\vm\prims\jvm.cpp:1244
Event: 5.447 Thread 0x0103cc00 Threw 0x049462a0 at C:\re\jdk7u60\1081\hotspot\src\share\vm\prims\jvm.cpp:1244
Event: 13.759 Thread 0x0103cc00 Threw 0x04954ea0 at C:\re\jdk7u60\1081\hotspot\src\share\vm\prims\jvm.cpp:1244
Event: 44.679 Thread 0x00f24000 Threw 0x0462a178 at C:\re\jdk7u60\1081\hotspot\src\share\vm\interpreter\linkResolver.cpp:883

Events (10 events):
Event: 1059.804 Executing VM operation: BulkRevokeBias
Event: 1059.804 Executing VM operation: BulkRevokeBias done
Event: 24068.317 loading class 0x00fcba80
Event: 24068.317 loading class 0x00fcba80 done
Event: 24068.318 loading class 0x009996d8
Event: 24068.319 loading class 0x009996d8 done
Event: 24068.319 loading class 0x009996a8
Event: 24068.319 loading class 0x009996a8 done
Event: 24175.744 Executing VM operation: GenCollectForAllocation
Event: 24175.754 Executing VM operation: GenCollectForAllocation done


Dynamic libraries:
0x01120000 - 0x0114f000 	C:\Program Files (x86)\Java\jdk1.7.0_60\bin\java.exe
0x76f60000 - 0x770e0000 	C:\Windows\SysWOW64\ntdll.dll
0x75000000 - 0x75100000 	C:\Windows\syswow64\kernel32.dll
0x763b0000 - 0x763f6000 	C:\Windows\syswow64\KERNELBASE.dll
0x74bc0000 - 0x74c60000 	C:\Windows\syswow64\ADVAPI32.dll
0x754e0000 - 0x7558c000 	C:\Windows\syswow64\msvcrt.dll
0x75700000 - 0x75719000 	C:\Windows\SysWOW64\sechost.dll
0x74e90000 - 0x74f80000 	C:\Windows\syswow64\RPCRT4.dll
0x74ad0000 - 0x74b30000 	C:\Windows\syswow64\SspiCli.dll
0x74ac0000 - 0x74acc000 	C:\Windows\syswow64\CRYPTBASE.dll
0x74d90000 - 0x74e90000 	C:\Windows\syswow64\USER32.dll
0x751a0000 - 0x75230000 	C:\Windows\syswow64\GDI32.dll
0x756f0000 - 0x756fa000 	C:\Windows\syswow64\LPK.dll
0x75100000 - 0x7519d000 	C:\Windows\syswow64\USP10.dll
0x747d0000 - 0x7496e000 	C:\Windows\WinSxS\x86_microsoft.windows.common-controls_6595b64144ccf1df_6.0.7600.16661_none_420fe3fa2b8113bd\COMCTL32.dll
0x766a0000 - 0x766f7000 	C:\Windows\syswow64\SHLWAPI.dll
0x74c90000 - 0x74cf0000 	C:\Windows\system32\IMM32.DLL
0x75270000 - 0x7533c000 	C:\Windows\syswow64\MSCTF.dll
0x6eb00000 - 0x6eb7b000 	C:\Program Files (x86)\AVG\AVG2015\avghookx.dll
0x6d550000 - 0x6d60f000 	C:\Program Files (x86)\Java\jdk1.7.0_60\jre\bin\msvcr100.dll
0x6cef0000 - 0x6d278000 	C:\Program Files (x86)\Java\jdk1.7.0_60\jre\bin\client\jvm.dll
0x73c60000 - 0x73c67000 	C:\Windows\system32\WSOCK32.dll
0x76370000 - 0x763a5000 	C:\Windows\syswow64\WS2_32.dll
0x76f30000 - 0x76f36000 	C:\Windows\syswow64\NSI.dll
0x732d0000 - 0x73302000 	C:\Windows\system32\WINMM.dll
0x75260000 - 0x75265000 	C:\Windows\syswow64\PSAPI.DLL
0x6e230000 - 0x6e23c000 	C:\Program Files (x86)\Java\jdk1.7.0_60\jre\bin\verify.dll
0x6e210000 - 0x6e230000 	C:\Program Files (x86)\Java\jdk1.7.0_60\jre\bin\java.dll
0x6e1b0000 - 0x6e1c3000 	C:\Program Files (x86)\Java\jdk1.7.0_60\jre\bin\zip.dll
0x6d400000 - 0x6d543000 	C:\Program Files (x86)\Java\jdk1.7.0_60\jre\bin\awt.dll
0x76520000 - 0x765af000 	C:\Windows\syswow64\OLEAUT32.dll
0x76800000 - 0x7695c000 	C:\Windows\syswow64\ole32.dll
0x741a0000 - 0x74220000 	C:\Windows\system32\uxtheme.dll
0x73840000 - 0x73853000 	C:\Windows\system32\dwmapi.dll
0x75720000 - 0x76369000 	C:\Windows\syswow64\SHELL32.dll
0x6c1c0000 - 0x6c1d4000 	C:\Program Files (x86)\Java\jdk1.7.0_60\jre\bin\net.dll
0x730d0000 - 0x7310c000 	C:\Windows\system32\mswsock.dll
0x73060000 - 0x73066000 	C:\Windows\System32\wship6.dll
0x6c1b0000 - 0x6c1bf000 	C:\Program Files (x86)\Java\jdk1.7.0_60\jre\bin\nio.dll
0x72c70000 - 0x72c75000 	C:\Windows\System32\wshtcpip.dll
0x74780000 - 0x747c4000 	C:\Windows\system32\DNSAPI.dll
0x745c0000 - 0x745dc000 	C:\Windows\system32\IPHLPAPI.DLL
0x745a0000 - 0x745a7000 	C:\Windows\system32\WINNSI.DLL
0x74380000 - 0x74386000 	C:\Windows\system32\rasadhlp.dll
0x74390000 - 0x743c8000 	C:\Windows\System32\fwpuclnt.dll
0x74010000 - 0x74049000 	C:\Program Files (x86)\Java\jdk1.7.0_60\jre\bin\fontmanager.dll
0x73b90000 - 0x73bc0000 	C:\Program Files (x86)\Java\jdk1.7.0_60\jre\bin\t2k.dll
0x76610000 - 0x76693000 	C:\Windows\syswow64\CLBCatQ.DLL
0x70130000 - 0x7022b000 	C:\Windows\system32\WindowsCodecs.dll
0x738f0000 - 0x7393b000 	C:\Windows\system32\apphelp.dll
0x72880000 - 0x72892000 	C:\Program Files (x86)\Common Files\TortoiseOverlays\TortoiseOverlays.dll
0x72800000 - 0x72814000 	C:\Program Files\TortoiseSVN\bin\TortoiseStub32.dll
0x706e0000 - 0x70750000 	C:\Program Files\TortoiseSVN\bin\TortoiseSVN32.dll
0x76700000 - 0x767f4000 	C:\Windows\syswow64\WININET.dll
0x74cf0000 - 0x74cf3000 	C:\Windows\syswow64\Normaliz.dll
0x755b0000 - 0x756e5000 	C:\Windows\syswow64\urlmon.dll
0x76400000 - 0x7651c000 	C:\Windows\syswow64\CRYPT32.dll
0x765b0000 - 0x765bc000 	C:\Windows\syswow64\MSASN1.dll
0x76960000 - 0x76b5a000 	C:\Windows\syswow64\iertutil.dll
0x72430000 - 0x72439000 	C:\Windows\system32\VERSION.dll
0x6fd20000 - 0x70085000 	C:\Program Files\TortoiseSVN\bin\libsvn_tsvn32.dll
0x6fb40000 - 0x6fb67000 	C:\Program Files\TortoiseSVN\bin\libapr_tsvn32.dll
0x72e00000 - 0x72ed6000 	C:\Windows\system32\MSVCR110.dll
0x6f980000 - 0x6f9b8000 	C:\Program Files\TortoiseSVN\bin\libaprutil_tsvn32.dll
0x765c0000 - 0x76605000 	C:\Windows\syswow64\WLDAP32.dll
0x706d0000 - 0x706dd000 	C:\Program Files\TortoiseSVN\bin\intl3_tsvn32.dll
0x6f920000 - 0x6f933000 	C:\Program Files\TortoiseSVN\bin\libsasl32.dll
0x737f0000 - 0x737f8000 	C:\Windows\system32\Secur32.dll
0x72ee0000 - 0x72f65000 	C:\Windows\system32\MSVCP110.dll
0x70ef0000 - 0x70f21000 	C:\Windows\system32\EhStorShell.dll
0x75340000 - 0x754dd000 	C:\Windows\syswow64\SETUPAPI.dll
0x74b30000 - 0x74b57000 	C:\Windows\syswow64\CFGMGR32.dll
0x75590000 - 0x755a2000 	C:\Windows\syswow64\DEVOBJ.dll
0x73940000 - 0x73a35000 	C:\Windows\system32\PROPSYS.dll
0x70750000 - 0x70b5a000 	C:\PROGRA~2\MICROS~1\Office14\GROOVEEX.DLL
0x70e40000 - 0x70ee3000 	C:\Windows\WinSxS\x86_microsoft.vc90.crt_1fc8b3b9a1e18e3b_9.0.30729.4974_none_50940634bcb759cb\MSVCR90.dll
0x6f800000 - 0x6f88e000 	C:\Windows\WinSxS\x86_microsoft.vc90.crt_1fc8b3b9a1e18e3b_9.0.30729.4974_none_50940634bcb759cb\MSVCP90.dll
0x70f40000 - 0x70f6b000 	C:\Windows\WinSxS\x86_microsoft.vc90.atl_1fc8b3b9a1e18e3b_9.0.30729.4974_none_51cdc180bbe4500f\ATL90.DLL
0x6f3f0000 - 0x6f7ff000 	C:\PROGRA~2\COMMON~1\MICROS~1\OFFICE14\Cultures\office.odf
0x6eb80000 - 0x6f3e4000 	C:\PROGRA~2\MICROS~1\Office14\1033\GrooveIntlResource.dll
0x6e5e0000 - 0x6e64f000 	C:\Windows\system32\ntshrui.dll
0x72920000 - 0x72939000 	C:\Windows\system32\srvcli.dll
0x72910000 - 0x7291b000 	C:\Windows\system32\cscapi.dll
0x72420000 - 0x7242a000 	C:\Windows\system32\slc.dll
0x00450000 - 0x00457000 	C:\Program Files (x86)\Internet Download Manager\idmmkb.dll
0x73860000 - 0x738e4000 	C:\Windows\WinSxS\x86_microsoft.windows.common-controls_6595b64144ccf1df_5.82.7600.16661_none_ebfb56996c72aefc\comctl32.dll
0x740f0000 - 0x74111000 	C:\Windows\system32\ntmarta.dll
0x6b9c0000 - 0x6bb58000 	C:\Windows\system32\NetworkExplorer.dll
0x6bca0000 - 0x6bcce000 	C:\Windows\System32\shdocvw.dll
0x72820000 - 0x7282b000 	C:\Windows\system32\profapi.dll
0x6e650000 - 0x6e662000 	C:\Windows\system32\MPR.dll
0x6c1f0000 - 0x6c1f8000 	C:\Windows\System32\drprov.dll
0x6f890000 - 0x6f8b9000 	C:\Windows\System32\WINSTA.dll
0x6c170000 - 0x6c184000 	C:\Windows\System32\ntlanman.dll
0x6bce0000 - 0x6bcf6000 	C:\Windows\System32\davclnt.dll
0x6c1e0000 - 0x6c1e8000 	C:\Windows\System32\DAVHLPR.dll
0x73600000 - 0x7360f000 	C:\Windows\system32\wkscli.dll
0x73b80000 - 0x73b89000 	C:\Windows\system32\netutils.dll
0x6ab40000 - 0x6ad78000 	C:\Windows\system32\wpdshext.dll
0x745f0000 - 0x74780000 	C:\Windows\WinSxS\x86_microsoft.windows.gdiplus_6595b64144ccf1df_1.1.7600.16385_none_72fc7cbf861225ca\gdiplus.dll
0x6bc10000 - 0x6bc99000 	C:\Windows\system32\PortableDeviceApi.dll
0x74c60000 - 0x74c8d000 	C:\Windows\syswow64\WINTRUST.dll
0x6bbe0000 - 0x6bc0b000 	C:\Windows\system32\PortableDeviceTypes.dll
0x6bb60000 - 0x6bb9f000 	C:\Windows\system32\audiodev.dll
0x6a8d0000 - 0x6ab37000 	C:\Windows\system32\WMVCore.DLL
0x6bba0000 - 0x6bbdd000 	C:\Windows\system32\WMASF.DLL
0x6b990000 - 0x6b9b2000 	C:\Windows\system32\EhStorAPI.dll
0x715d0000 - 0x715df000 	C:\Windows\system32\samcli.dll
0x6fa90000 - 0x6faa2000 	C:\Windows\system32\SAMLIB.dll
0x70230000 - 0x7031b000 	C:\Windows\system32\dbghelp.dll

VM Arguments:
jvm_args: -Dfile.encoding=UTF-8 
java_command: accountpackage.AccountPackage
Launcher Type: SUN_STANDARD

Environment Variables:
PATH=C:\ProgramData\Oracle\Java\javapath;C:\Windows\system32;C:\Windows;C:\Windows\System32\Wbem;C:\Windows\System32\WindowsPowerShell\v1.0\;C:\Program Files\TortoiseSVN\bin
USERNAME=RoWi
OS=Windows_NT
PROCESSOR_IDENTIFIER=Intel64 Family 6 Model 37 Stepping 5, GenuineIntel



---------------  S Y S T E M  ---------------

OS: Windows 7 , 64 bit Build 7600 

CPU:total 4 (2 cores per cpu, 2 threads per core) family 6 model 37 stepping 5, cmov, cx8, fxsr, mmx, sse, sse2, sse3, ssse3, sse4.1, sse4.2, popcnt, ht, tsc, tscinvbit

Memory: 4k page, physical 3988160k(1364508k free), swap 7974420k(4853952k free)

vm_info: Java HotSpot(TM) Client VM (24.60-b09) for windows-x86 JRE (1.7.0_60-b19), built on May  7 2014 13:09:52 by "java_re" with unknown MS VC++:1600

time: Sun Mar 08 18:57:12 2015
elapsed time: 24469 seconds

